<html>
<head>
<title>TestNG:  Register Test</title>
<link href="../testng.css" rel="stylesheet" type="text/css" />
<link href="../my-testng.css" rel="stylesheet" type="text/css" />

<style type="text/css">
.log { display: none;} 
.stack-trace { display: none;} 
</style>
<script type="text/javascript">
<!--
function flip(e) {
  current = e.style.display;
  if (current == 'block') {
    e.style.display = 'none';
    return 0;
  }
  else {
    e.style.display = 'block';
    return 1;
  }
}

function toggleBox(szDivId, elem, msg1, msg2)
{
  var res = -1;  if (document.getElementById) {
    res = flip(document.getElementById(szDivId));
  }
  else if (document.all) {
    // this is the way old msie versions work
    res = flip(document.all[szDivId]);
  }
  if(elem) {
    if(res == 0) elem.innerHTML = msg1; else elem.innerHTML = msg2;
  }

}

function toggleAllBoxes() {
  if (document.getElementsByTagName) {
    d = document.getElementsByTagName('div');
    for (i = 0; i < d.length; i++) {
      if (d[i].className == 'log') {
        flip(d[i]);
      }
    }
  }
}

// -->
</script>

</head>
<body>
<h2 align='center'>Register Test</h2><table border='1' align="center">
<tr>
<td>Tests passed/Failed/Skipped:</td><td>3/2/0</td>
</tr><tr>
<td>Started on:</td><td>Sat Feb 13 22:11:50 PST 2021</td>
</tr>
<tr><td>Total time:</td><td>204 seconds (204686 ms)</td>
</tr><tr>
<td>Included groups:</td><td></td>
</tr><tr>
<td>Excluded groups:</td><td></td>
</tr>
</table><p/>
<small><i>(Hover the method name to see the test class name)</i></small><p/>
<table width='100%' border='1' class='invocation-failed'>
<tr><td colspan='4' align='center'><b>FAILED TESTS</b></td></tr>
<tr><td><b>Test method</b></td>
<td width="30%"><b>Exception</b></td>
<td width="10%"><b>Time (seconds)</b></td>
<td><b>Instance</b></td>
</tr>
<tr>
<td title='testCases.RegisterTestCase.RegisterAsIndianAcademic()'><b>RegisterAsIndianAcademic</b><br>Test class: testCases.RegisterTestCase<br>Parameters: {ProfEmail=prof@gmail.com, UserType=Indian Academic Researcher, PhotoID=/home/ruchi/Pictures/no-image.jpg, OrgName=College, firstname=academicUser, lastname=researcher, phone=9899108080, pwd=Lotus@123, emailID=xyz@gmail.com, webURL=https://www.google.com, confirmPwd=Lotus@123, otp=12345}<br/>
<a href="#Output-540923243" onClick='toggleBox("Output-540923243", this, "Show output", "Hide output");'>Show output</a>

<a href="#Output-540923243" onClick="toggleAllBoxes();">Show all outputs</a>
<div class='log' id="Output-540923243">
Test case execution started of test case: RegisterAsIndianAcademic<br/>
Name of the failed test caseRegisterAsIndianAcademic<br/>
<a href="file:////home/ruchi/eclipse-workspace/NPLT-Test//reports//RegisterAsIndianAcademicSat_Feb_13_22_14_51_PST_2021.jpg.png"> Error Screenshot </a><br/>
</div>
</td>
<td><div><pre>java.lang.AssertionError: null
	at testCases.RegisterTestCase.RegisterAsIndianAcademic(RegisterTestCase.java:208)
... Removed 27 stack frames</pre></div><a href='#' onClick='toggleBox("stack-trace540923243", this, "Click to show all stack frames", "Click to hide stack frames")'>Click to show all stack frames</a>
<div class='stack-trace' id='stack-trace540923243'><pre>java.lang.AssertionError: null
	at org.testng.Assert.fail(Assert.java:96)
	at org.testng.Assert.fail(Assert.java:103)
	at testCases.RegisterTestCase.RegisterAsIndianAcademic(RegisterTestCase.java:208)
	at sun.reflect.NativeMethodAccessorImpl.invoke0(Native Method)
	at sun.reflect.NativeMethodAccessorImpl.invoke(NativeMethodAccessorImpl.java:62)
	at sun.reflect.DelegatingMethodAccessorImpl.invoke(DelegatingMethodAccessorImpl.java:43)
	at java.lang.reflect.Method.invoke(Method.java:498)
	at org.testng.internal.MethodInvocationHelper.invokeMethod(MethodInvocationHelper.java:124)
	at org.testng.internal.Invoker.invokeMethod(Invoker.java:583)
	at org.testng.internal.Invoker.invokeTestMethod(Invoker.java:719)
	at org.testng.internal.Invoker.invokeTestMethods(Invoker.java:989)
	at org.testng.internal.TestMethodWorker.invokeTestMethods(TestMethodWorker.java:125)
	at org.testng.internal.TestMethodWorker.run(TestMethodWorker.java:109)
	at org.testng.TestRunner.privateRun(TestRunner.java:648)
	at org.testng.TestRunner.run(TestRunner.java:505)
	at org.testng.SuiteRunner.runTest(SuiteRunner.java:455)
	at org.testng.SuiteRunner.runSequentially(SuiteRunner.java:450)
	at org.testng.SuiteRunner.privateRun(SuiteRunner.java:415)
	at org.testng.SuiteRunner.run(SuiteRunner.java:364)
	at org.testng.SuiteRunnerWorker.runSuite(SuiteRunnerWorker.java:52)
	at org.testng.SuiteRunnerWorker.run(SuiteRunnerWorker.java:84)
	at org.testng.TestNG.runSuitesSequentially(TestNG.java:1208)
	at org.testng.TestNG.runSuitesLocally(TestNG.java:1137)
	at org.testng.TestNG.runSuites(TestNG.java:1049)
	at org.testng.TestNG.run(TestNG.java:1017)
	at org.testng.remote.AbstractRemoteTestNG.run(AbstractRemoteTestNG.java:114)
	at org.testng.remote.RemoteTestNG.initAndRun(RemoteTestNG.java:251)
	at org.testng.remote.RemoteTestNG.main(RemoteTestNG.java:77)
</pre></div></td>
<td>5</td>
<td>testCases.RegisterTestCase@7e0b0338</td></tr>
<tr>
<td title='testCases.RegisterTestCase.RegisterAsIndianAcademic()'><b>RegisterAsIndianAcademic</b><br>Test class: testCases.RegisterTestCase<br>Parameters: {ProfEmail=, UserType=Indian Academic Researcher, PhotoID=, OrgName=GovtCollege, firstname=academicTester, lastname=testResearcher, phone=9899108080, pwd=Lotus@123, emailID=abc@gmail.com, webURL=, confirmPwd=Lotus@123, otp=12345}<br/>
<a href="#Output-1095203437" onClick='toggleBox("Output-1095203437", this, "Show output", "Hide output");'>Show output</a>

<a href="#Output-1095203437" onClick="toggleAllBoxes();">Show all outputs</a>
<div class='log' id="Output-1095203437">
Test case execution started of test case: RegisterAsIndianAcademic<br/>
Name of the failed test caseRegisterAsIndianAcademic<br/>
<a href="file:////home/ruchi/eclipse-workspace/NPLT-Test//reports//RegisterAsIndianAcademicSat_Feb_13_22_15_02_PST_2021.jpg.png"> Error Screenshot </a><br/>
</div>
</td>
<td><div><pre>java.lang.AssertionError: null
	at testCases.RegisterTestCase.RegisterAsIndianAcademic(RegisterTestCase.java:208)
... Removed 27 stack frames</pre></div><a href='#' onClick='toggleBox("stack-trace1095203437", this, "Click to show all stack frames", "Click to hide stack frames")'>Click to show all stack frames</a>
<div class='stack-trace' id='stack-trace1095203437'><pre>java.lang.AssertionError: null
	at org.testng.Assert.fail(Assert.java:96)
	at org.testng.Assert.fail(Assert.java:103)
	at testCases.RegisterTestCase.RegisterAsIndianAcademic(RegisterTestCase.java:208)
	at sun.reflect.NativeMethodAccessorImpl.invoke0(Native Method)
	at sun.reflect.NativeMethodAccessorImpl.invoke(NativeMethodAccessorImpl.java:62)
	at sun.reflect.DelegatingMethodAccessorImpl.invoke(DelegatingMethodAccessorImpl.java:43)
	at java.lang.reflect.Method.invoke(Method.java:498)
	at org.testng.internal.MethodInvocationHelper.invokeMethod(MethodInvocationHelper.java:124)
	at org.testng.internal.Invoker.invokeMethod(Invoker.java:583)
	at org.testng.internal.Invoker.invokeTestMethod(Invoker.java:719)
	at org.testng.internal.Invoker.invokeTestMethods(Invoker.java:989)
	at org.testng.internal.TestMethodWorker.invokeTestMethods(TestMethodWorker.java:125)
	at org.testng.internal.TestMethodWorker.run(TestMethodWorker.java:109)
	at org.testng.TestRunner.privateRun(TestRunner.java:648)
	at org.testng.TestRunner.run(TestRunner.java:505)
	at org.testng.SuiteRunner.runTest(SuiteRunner.java:455)
	at org.testng.SuiteRunner.runSequentially(SuiteRunner.java:450)
	at org.testng.SuiteRunner.privateRun(SuiteRunner.java:415)
	at org.testng.SuiteRunner.run(SuiteRunner.java:364)
	at org.testng.SuiteRunnerWorker.runSuite(SuiteRunnerWorker.java:52)
	at org.testng.SuiteRunnerWorker.run(SuiteRunnerWorker.java:84)
	at org.testng.TestNG.runSuitesSequentially(TestNG.java:1208)
	at org.testng.TestNG.runSuitesLocally(TestNG.java:1137)
	at org.testng.TestNG.runSuites(TestNG.java:1049)
	at org.testng.TestNG.run(TestNG.java:1017)
	at org.testng.remote.AbstractRemoteTestNG.run(AbstractRemoteTestNG.java:114)
	at org.testng.remote.RemoteTestNG.initAndRun(RemoteTestNG.java:251)
	at org.testng.remote.RemoteTestNG.main(RemoteTestNG.java:77)
</pre></div></td>
<td>11</td>
<td>testCases.RegisterTestCase@7e0b0338</td></tr>
</table><p>
<table width='100%' border='1' class='invocation-passed'>
<tr><td colspan='4' align='center'><b>PASSED TESTS</b></td></tr>
<tr><td><b>Test method</b></td>
<td width="30%"><b>Exception</b></td>
<td width="10%"><b>Time (seconds)</b></td>
<td><b>Instance</b></td>
</tr>
<tr>
<td title='testCases.RegisterTestCase.Login()'><b>Login</b><br>Test class: testCases.RegisterTestCase<br/>
<a href="#Output-657069980" onClick='toggleBox("Output-657069980", this, "Show output", "Hide output");'>Show output</a>

<a href="#Output-657069980" onClick="toggleAllBoxes();">Show all outputs</a>
<div class='log' id="Output-657069980">
Test case execution started of test case: Login<br/>
Name of the passed test case Login<br/>
</div>
</td>
<td></td>
<td>0</td>
<td>testCases.RegisterTestCase@7e0b0338</td></tr>
<tr>
<td title='testCases.RegisterTestCase.RegisterAsIndividual()'><b>RegisterAsIndividual</b><br>Test class: testCases.RegisterTestCase<br>Parameters: {phone=9899108080, emailID=ruchid123@gmail.com, confirmPwd=Lotus@123, otp=12345, lastname=Auto, pwd=Lotus@123, firstname=tester, UserType=Individual User}<br/>
<a href="#Output-1489322191" onClick='toggleBox("Output-1489322191", this, "Show output", "Hide output");'>Show output</a>

<a href="#Output-1489322191" onClick="toggleAllBoxes();">Show all outputs</a>
<div class='log' id="Output-1489322191">
Test case execution started of test case: RegisterAsIndividual<br/>
Element clicked is: radio_IndividualUser_XPATH<br/>
Element clicked is: firstname_XPATH<br/>
Element clicked is: lastname_XPATH<br/>
Element clicked is: email_XPATH<br/>
Element clicked is: pwd_XPATH<br/>
Element clicked is: confirmPwd_XPATH<br/>
Element clicked is: chkbox_XPATH<br/>
Element clicked is: continueBtn_XPATH<br/>
Element clicked is: tel_XPATH<br/>
Element clicked is: OTP_XPATH<br/>
Element clicked is: inputBtn_XPATH<br/>
Element is present : logoutMenu_XPATH<br/>
Logout menu found<br/>
Name of the passed test case RegisterAsIndividual<br/>
</div>
</td>
<td></td>
<td>87</td>
<td>testCases.RegisterTestCase@7e0b0338</td></tr>
<tr>
<td title='testCases.RegisterTestCase.RegisterAsIndividual()'><b>RegisterAsIndividual</b><br>Test class: testCases.RegisterTestCase<br>Parameters: {phone=9899108080, emailID=ruchid123@gmail.com, confirmPwd=Lotus@123, otp=12345, lastname=Automation, pwd=Lotus@123, firstname=testUser, UserType=Individual User}<br/>
<a href="#Output-1430207342" onClick='toggleBox("Output-1430207342", this, "Show output", "Hide output");'>Show output</a>

<a href="#Output-1430207342" onClick="toggleAllBoxes();">Show all outputs</a>
<div class='log' id="Output-1430207342">
Test case execution started of test case: RegisterAsIndividual<br/>
Element clicked is: radio_IndividualUser_XPATH<br/>
Element clicked is: firstname_XPATH<br/>
Element clicked is: lastname_XPATH<br/>
Element clicked is: email_XPATH<br/>
Element clicked is: pwd_XPATH<br/>
Element clicked is: confirmPwd_XPATH<br/>
Element clicked is: chkbox_XPATH<br/>
Element clicked is: continueBtn_XPATH<br/>
Element clicked is: tel_XPATH<br/>
Element clicked is: OTP_XPATH<br/>
Element clicked is: inputBtn_XPATH<br/>
Element is present : logoutMenu_XPATH<br/>
Logout menu found<br/>
Name of the passed test case RegisterAsIndividual<br/>
</div>
</td>
<td></td>
<td>77</td>
<td>testCases.RegisterTestCase@7e0b0338</td></tr>
</table><p>
</body>
</html>