<?xml version="1.0" encoding="UTF-8"?>
<!-- Generated by org.testng.reporters.JUnitXMLReporter -->
<testsuite hostname="ruchi-Inspiron-5570" ignored="0" name="Register Test" tests="7" failures="1" timestamp="16 Feb 2021 03:41:00 GMT" time="344.895" errors="0">
  <testcase name="RegisterAsIndividual" time="94.455" classname="testCases.RegisterTestCase"/>
  <testcase name="RegisterAsIndividual" time="78.811" classname="testCases.RegisterTestCase"/>
  <testcase name="RegisterAsIndianAcademic" time="82.227" classname="testCases.RegisterTestCase"/>
  <testcase name="RegisterAsIndianAcademic" time="78.086" classname="testCases.RegisterTestCase"/>
  <testcase name="Login" time="0.002" classname="testCases.RegisterTestCase">
    <skipped/>
  </testcase> <!-- Login -->
  <testcase name="Login" time="0.005" classname="testCases.RegisterTestCase">
    <skipped/>
  </testcase> <!-- Login -->
  <testcase name="Login" time="0.002" classname="testCases.RegisterTestCase">
    <failure type="java.lang.AssertionError" message="null">
      <![CDATA[java.lang.AssertionError: null
at testCases.RegisterTestCase.Login(RegisterTestCase.java:273)
... Removed 27 stack frames]]>
    </failure>
  </testcase> <!-- Login -->
</testsuite> <!-- Register Test -->
