<html>
<head>
<title>TestNG:  Test</title>
<link href="../testng.css" rel="stylesheet" type="text/css" />
<link href="../my-testng.css" rel="stylesheet" type="text/css" />

<style type="text/css">
.log { display: none;} 
.stack-trace { display: none;} 
</style>
<script type="text/javascript">
<!--
function flip(e) {
  current = e.style.display;
  if (current == 'block') {
    e.style.display = 'none';
    return 0;
  }
  else {
    e.style.display = 'block';
    return 1;
  }
}

function toggleBox(szDivId, elem, msg1, msg2)
{
  var res = -1;  if (document.getElementById) {
    res = flip(document.getElementById(szDivId));
  }
  else if (document.all) {
    // this is the way old msie versions work
    res = flip(document.all[szDivId]);
  }
  if(elem) {
    if(res == 0) elem.innerHTML = msg1; else elem.innerHTML = msg2;
  }

}

function toggleAllBoxes() {
  if (document.getElementsByTagName) {
    d = document.getElementsByTagName('div');
    for (i = 0; i < d.length; i++) {
      if (d[i].className == 'log') {
        flip(d[i]);
      }
    }
  }
}

// -->
</script>

</head>
<body>
<h2 align='center'>Test</h2><table border='1' align="center">
<tr>
<td>Tests passed/Failed/Skipped:</td><td>0/4/1</td>
</tr><tr>
<td>Started on:</td><td>Thu Feb 11 18:23:24 PST 2021</td>
</tr>
<tr><td>Total time:</td><td>40 seconds (40622 ms)</td>
</tr><tr>
<td>Included groups:</td><td></td>
</tr><tr>
<td>Excluded groups:</td><td></td>
</tr>
</table><p/>
<small><i>(Hover the method name to see the test class name)</i></small><p/>
<table width='100%' border='1' class='invocation-failed'>
<tr><td colspan='4' align='center'><b>FAILED TESTS</b></td></tr>
<tr><td><b>Test method</b></td>
<td width="30%"><b>Exception</b></td>
<td width="10%"><b>Time (seconds)</b></td>
<td><b>Instance</b></td>
</tr>
<tr>
<td title='testCases.RegisterTestCase.RegisterAsIndianAcademic()'><b>RegisterAsIndianAcademic</b><br>Test class: testCases.RegisterTestCase<br>Parameters: {ProfEmail=prof@gmail.com, UserType=Indian Academic Researcher, PhotoID=/home/ruchi/Pictures/no-image.jpg, OrgName=College, firstname=academicUser, lastname=researcher, phone=9899108080, pwd=Lotus@123, emailID=xyz@gmail.com, webURL=https://www.google.com, confirmPwd=Lotus@123, otp=12345}<br/>
<a href="#Output-1527007086" onClick='toggleBox("Output-1527007086", this, "Show output", "Hide output");'>Show output</a>

<a href="#Output-1527007086" onClick="toggleAllBoxes();">Show all outputs</a>
<div class='log' id="Output-1527007086">
Test case execution started of test case: RegisterAsIndianAcademic<br/>
Name of the failed test caseRegisterAsIndianAcademic<br/>
<a href="file://.//reports//RegisterAsIndianAcademicThu_Feb_11_18_23_41_PST_2021.jpg.png" target = "_blank " > Error Screenshot </a><br/>
</div>
</td>
<td><div><pre>java.lang.AssertionError: null
	at testCases.RegisterTestCase.RegisterAsIndianAcademic(RegisterTestCase.java:202)
... Removed 27 stack frames</pre></div><a href='#' onClick='toggleBox("stack-trace1527007086", this, "Click to show all stack frames", "Click to hide stack frames")'>Click to show all stack frames</a>
<div class='stack-trace' id='stack-trace1527007086'><pre>java.lang.AssertionError: null
	at org.testng.Assert.fail(Assert.java:96)
	at org.testng.Assert.fail(Assert.java:103)
	at testCases.RegisterTestCase.RegisterAsIndianAcademic(RegisterTestCase.java:202)
	at sun.reflect.NativeMethodAccessorImpl.invoke0(Native Method)
	at sun.reflect.NativeMethodAccessorImpl.invoke(NativeMethodAccessorImpl.java:62)
	at sun.reflect.DelegatingMethodAccessorImpl.invoke(DelegatingMethodAccessorImpl.java:43)
	at java.lang.reflect.Method.invoke(Method.java:498)
	at org.testng.internal.MethodInvocationHelper.invokeMethod(MethodInvocationHelper.java:124)
	at org.testng.internal.Invoker.invokeMethod(Invoker.java:583)
	at org.testng.internal.Invoker.invokeTestMethod(Invoker.java:719)
	at org.testng.internal.Invoker.invokeTestMethods(Invoker.java:989)
	at org.testng.internal.TestMethodWorker.invokeTestMethods(TestMethodWorker.java:125)
	at org.testng.internal.TestMethodWorker.run(TestMethodWorker.java:109)
	at org.testng.TestRunner.privateRun(TestRunner.java:648)
	at org.testng.TestRunner.run(TestRunner.java:505)
	at org.testng.SuiteRunner.runTest(SuiteRunner.java:455)
	at org.testng.SuiteRunner.runSequentially(SuiteRunner.java:450)
	at org.testng.SuiteRunner.privateRun(SuiteRunner.java:415)
	at org.testng.SuiteRunner.run(SuiteRunner.java:364)
	at org.testng.SuiteRunnerWorker.runSuite(SuiteRunnerWorker.java:52)
	at org.testng.SuiteRunnerWorker.run(SuiteRunnerWorker.java:84)
	at org.testng.TestNG.runSuitesSequentially(TestNG.java:1208)
	at org.testng.TestNG.runSuitesLocally(TestNG.java:1137)
	at org.testng.TestNG.runSuites(TestNG.java:1049)
	at org.testng.TestNG.run(TestNG.java:1017)
	at org.testng.remote.AbstractRemoteTestNG.run(AbstractRemoteTestNG.java:114)
	at org.testng.remote.RemoteTestNG.initAndRun(RemoteTestNG.java:251)
	at org.testng.remote.RemoteTestNG.main(RemoteTestNG.java:77)
</pre></div></td>
<td>6</td>
<td>testCases.RegisterTestCase@6adede5</td></tr>
<tr>
<td title='testCases.RegisterTestCase.RegisterAsIndianAcademic()'><b>RegisterAsIndianAcademic</b><br>Test class: testCases.RegisterTestCase<br>Parameters: {ProfEmail=, UserType=Indian Academic Researcher, PhotoID=, OrgName=GovtCollege, firstname=academicTester, lastname=testResearcher, phone=9899108080, pwd=Lotus@123, emailID=abc@gmail.com, webURL=, confirmPwd=Lotus@123, otp=12345}<br/>
<a href="#Output-913242382" onClick='toggleBox("Output-913242382", this, "Show output", "Hide output");'>Show output</a>

<a href="#Output-913242382" onClick="toggleAllBoxes();">Show all outputs</a>
<div class='log' id="Output-913242382">
Test case execution started of test case: RegisterAsIndianAcademic<br/>
Name of the failed test caseRegisterAsIndianAcademic<br/>
<a href="file://.//reports//RegisterAsIndianAcademicThu_Feb_11_18_23_53_PST_2021.jpg.png" target = "_blank " > Error Screenshot </a><br/>
</div>
</td>
<td><div><pre>java.lang.AssertionError: null
	at testCases.RegisterTestCase.RegisterAsIndianAcademic(RegisterTestCase.java:202)
... Removed 27 stack frames</pre></div><a href='#' onClick='toggleBox("stack-trace913242382", this, "Click to show all stack frames", "Click to hide stack frames")'>Click to show all stack frames</a>
<div class='stack-trace' id='stack-trace913242382'><pre>java.lang.AssertionError: null
	at org.testng.Assert.fail(Assert.java:96)
	at org.testng.Assert.fail(Assert.java:103)
	at testCases.RegisterTestCase.RegisterAsIndianAcademic(RegisterTestCase.java:202)
	at sun.reflect.NativeMethodAccessorImpl.invoke0(Native Method)
	at sun.reflect.NativeMethodAccessorImpl.invoke(NativeMethodAccessorImpl.java:62)
	at sun.reflect.DelegatingMethodAccessorImpl.invoke(DelegatingMethodAccessorImpl.java:43)
	at java.lang.reflect.Method.invoke(Method.java:498)
	at org.testng.internal.MethodInvocationHelper.invokeMethod(MethodInvocationHelper.java:124)
	at org.testng.internal.Invoker.invokeMethod(Invoker.java:583)
	at org.testng.internal.Invoker.invokeTestMethod(Invoker.java:719)
	at org.testng.internal.Invoker.invokeTestMethods(Invoker.java:989)
	at org.testng.internal.TestMethodWorker.invokeTestMethods(TestMethodWorker.java:125)
	at org.testng.internal.TestMethodWorker.run(TestMethodWorker.java:109)
	at org.testng.TestRunner.privateRun(TestRunner.java:648)
	at org.testng.TestRunner.run(TestRunner.java:505)
	at org.testng.SuiteRunner.runTest(SuiteRunner.java:455)
	at org.testng.SuiteRunner.runSequentially(SuiteRunner.java:450)
	at org.testng.SuiteRunner.privateRun(SuiteRunner.java:415)
	at org.testng.SuiteRunner.run(SuiteRunner.java:364)
	at org.testng.SuiteRunnerWorker.runSuite(SuiteRunnerWorker.java:52)
	at org.testng.SuiteRunnerWorker.run(SuiteRunnerWorker.java:84)
	at org.testng.TestNG.runSuitesSequentially(TestNG.java:1208)
	at org.testng.TestNG.runSuitesLocally(TestNG.java:1137)
	at org.testng.TestNG.runSuites(TestNG.java:1049)
	at org.testng.TestNG.run(TestNG.java:1017)
	at org.testng.remote.AbstractRemoteTestNG.run(AbstractRemoteTestNG.java:114)
	at org.testng.remote.RemoteTestNG.initAndRun(RemoteTestNG.java:251)
	at org.testng.remote.RemoteTestNG.main(RemoteTestNG.java:77)
</pre></div></td>
<td>11</td>
<td>testCases.RegisterTestCase@6adede5</td></tr>
<tr>
<td title='testCases.RegisterTestCase.RegisterAsIndividual()'><b>RegisterAsIndividual</b><br>Test class: testCases.RegisterTestCase<br>Parameters: {phone=9899108080, emailID=ruchid123@gmail.com, confirmPwd=Lotus@123, otp=12345, lastname=Auto, pwd=Lotus@123, firstname=tester, UserType=Individual User}<br/>
<a href="#Output-1328323494" onClick='toggleBox("Output-1328323494", this, "Show output", "Hide output");'>Show output</a>

<a href="#Output-1328323494" onClick="toggleAllBoxes();">Show all outputs</a>
<div class='log' id="Output-1328323494">
Test case execution started of test case: RegisterAsIndividual<br/>
Name of the failed test caseRegisterAsIndividual<br/>
<a href="file://.//reports//RegisterAsIndividualThu_Feb_11_18_23_34_PST_2021.jpg.png" target = "_blank " > Error Screenshot </a><br/>
</div>
</td>
<td><div><pre>java.lang.AssertionError: null
	at testCases.RegisterTestCase.RegisterAsIndividual(RegisterTestCase.java:129)
... Removed 27 stack frames</pre></div><a href='#' onClick='toggleBox("stack-trace1328323494", this, "Click to show all stack frames", "Click to hide stack frames")'>Click to show all stack frames</a>
<div class='stack-trace' id='stack-trace1328323494'><pre>java.lang.AssertionError: null
	at org.testng.Assert.fail(Assert.java:96)
	at org.testng.Assert.fail(Assert.java:103)
	at testCases.RegisterTestCase.RegisterAsIndividual(RegisterTestCase.java:129)
	at sun.reflect.NativeMethodAccessorImpl.invoke0(Native Method)
	at sun.reflect.NativeMethodAccessorImpl.invoke(NativeMethodAccessorImpl.java:62)
	at sun.reflect.DelegatingMethodAccessorImpl.invoke(DelegatingMethodAccessorImpl.java:43)
	at java.lang.reflect.Method.invoke(Method.java:498)
	at org.testng.internal.MethodInvocationHelper.invokeMethod(MethodInvocationHelper.java:124)
	at org.testng.internal.Invoker.invokeMethod(Invoker.java:583)
	at org.testng.internal.Invoker.invokeTestMethod(Invoker.java:719)
	at org.testng.internal.Invoker.invokeTestMethods(Invoker.java:989)
	at org.testng.internal.TestMethodWorker.invokeTestMethods(TestMethodWorker.java:125)
	at org.testng.internal.TestMethodWorker.run(TestMethodWorker.java:109)
	at org.testng.TestRunner.privateRun(TestRunner.java:648)
	at org.testng.TestRunner.run(TestRunner.java:505)
	at org.testng.SuiteRunner.runTest(SuiteRunner.java:455)
	at org.testng.SuiteRunner.runSequentially(SuiteRunner.java:450)
	at org.testng.SuiteRunner.privateRun(SuiteRunner.java:415)
	at org.testng.SuiteRunner.run(SuiteRunner.java:364)
	at org.testng.SuiteRunnerWorker.runSuite(SuiteRunnerWorker.java:52)
	at org.testng.SuiteRunnerWorker.run(SuiteRunnerWorker.java:84)
	at org.testng.TestNG.runSuitesSequentially(TestNG.java:1208)
	at org.testng.TestNG.runSuitesLocally(TestNG.java:1137)
	at org.testng.TestNG.runSuites(TestNG.java:1049)
	at org.testng.TestNG.run(TestNG.java:1017)
	at org.testng.remote.AbstractRemoteTestNG.run(AbstractRemoteTestNG.java:114)
	at org.testng.remote.RemoteTestNG.initAndRun(RemoteTestNG.java:251)
	at org.testng.remote.RemoteTestNG.main(RemoteTestNG.java:77)
</pre></div></td>
<td>0</td>
<td>testCases.RegisterTestCase@6adede5</td></tr>
<tr>
<td title='testCases.RegisterTestCase.RegisterAsIndividual()'><b>RegisterAsIndividual</b><br>Test class: testCases.RegisterTestCase<br>Parameters: {phone=9899108080, emailID=ruchid123@gmail.com, confirmPwd=Lotus@123, otp=12345, lastname=Automation, pwd=Lotus@123, firstname=testUser, UserType=Individual User}<br/>
<a href="#Output-1416415959" onClick='toggleBox("Output-1416415959", this, "Show output", "Hide output");'>Show output</a>

<a href="#Output-1416415959" onClick="toggleAllBoxes();">Show all outputs</a>
<div class='log' id="Output-1416415959">
Test case execution started of test case: RegisterAsIndividual<br/>
Name of the failed test caseRegisterAsIndividual<br/>
<a href="file://.//reports//RegisterAsIndividualThu_Feb_11_18_23_34_PST_2021.jpg.png" target = "_blank " > Error Screenshot </a><br/>
</div>
</td>
<td><div><pre>java.lang.AssertionError: null
	at testCases.RegisterTestCase.RegisterAsIndividual(RegisterTestCase.java:129)
... Removed 27 stack frames</pre></div><a href='#' onClick='toggleBox("stack-trace1416415959", this, "Click to show all stack frames", "Click to hide stack frames")'>Click to show all stack frames</a>
<div class='stack-trace' id='stack-trace1416415959'><pre>java.lang.AssertionError: null
	at org.testng.Assert.fail(Assert.java:96)
	at org.testng.Assert.fail(Assert.java:103)
	at testCases.RegisterTestCase.RegisterAsIndividual(RegisterTestCase.java:129)
	at sun.reflect.NativeMethodAccessorImpl.invoke0(Native Method)
	at sun.reflect.NativeMethodAccessorImpl.invoke(NativeMethodAccessorImpl.java:62)
	at sun.reflect.DelegatingMethodAccessorImpl.invoke(DelegatingMethodAccessorImpl.java:43)
	at java.lang.reflect.Method.invoke(Method.java:498)
	at org.testng.internal.MethodInvocationHelper.invokeMethod(MethodInvocationHelper.java:124)
	at org.testng.internal.Invoker.invokeMethod(Invoker.java:583)
	at org.testng.internal.Invoker.invokeTestMethod(Invoker.java:719)
	at org.testng.internal.Invoker.invokeTestMethods(Invoker.java:989)
	at org.testng.internal.TestMethodWorker.invokeTestMethods(TestMethodWorker.java:125)
	at org.testng.internal.TestMethodWorker.run(TestMethodWorker.java:109)
	at org.testng.TestRunner.privateRun(TestRunner.java:648)
	at org.testng.TestRunner.run(TestRunner.java:505)
	at org.testng.SuiteRunner.runTest(SuiteRunner.java:455)
	at org.testng.SuiteRunner.runSequentially(SuiteRunner.java:450)
	at org.testng.SuiteRunner.privateRun(SuiteRunner.java:415)
	at org.testng.SuiteRunner.run(SuiteRunner.java:364)
	at org.testng.SuiteRunnerWorker.runSuite(SuiteRunnerWorker.java:52)
	at org.testng.SuiteRunnerWorker.run(SuiteRunnerWorker.java:84)
	at org.testng.TestNG.runSuitesSequentially(TestNG.java:1208)
	at org.testng.TestNG.runSuitesLocally(TestNG.java:1137)
	at org.testng.TestNG.runSuites(TestNG.java:1049)
	at org.testng.TestNG.run(TestNG.java:1017)
	at org.testng.remote.AbstractRemoteTestNG.run(AbstractRemoteTestNG.java:114)
	at org.testng.remote.RemoteTestNG.initAndRun(RemoteTestNG.java:251)
	at org.testng.remote.RemoteTestNG.main(RemoteTestNG.java:77)
</pre></div></td>
<td>0</td>
<td>testCases.RegisterTestCase@6adede5</td></tr>
</table><p>
<table width='100%' border='1' class='invocation-skipped'>
<tr><td colspan='4' align='center'><b>SKIPPED TESTS</b></td></tr>
<tr><td><b>Test method</b></td>
<td width="30%"><b>Exception</b></td>
<td width="10%"><b>Time (seconds)</b></td>
<td><b>Instance</b></td>
</tr>
<tr>
<td title='testCases.RegisterTestCase.Login()'><b>Login</b><br>Test class: testCases.RegisterTestCase</td>
<td><div><pre>java.lang.Throwable: Method RegisterTestCase.Login()[pri:3, instance:testCases.RegisterTestCase@6adede5] depends on not successfully finished methods
... Removed 18 stack frames</pre></div><a href='#' onClick='toggleBox("stack-trace1292472219", this, "Click to show all stack frames", "Click to hide stack frames")'>Click to show all stack frames</a>
<div class='stack-trace' id='stack-trace1292472219'><pre>java.lang.Throwable: Method RegisterTestCase.Login()[pri:3, instance:testCases.RegisterTestCase@6adede5] depends on not successfully finished methods
	at org.testng.internal.Invoker.invokeTestMethods(Invoker.java:888)
	at org.testng.internal.TestMethodWorker.invokeTestMethods(TestMethodWorker.java:125)
	at org.testng.internal.TestMethodWorker.run(TestMethodWorker.java:109)
	at org.testng.TestRunner.privateRun(TestRunner.java:648)
	at org.testng.TestRunner.run(TestRunner.java:505)
	at org.testng.SuiteRunner.runTest(SuiteRunner.java:455)
	at org.testng.SuiteRunner.runSequentially(SuiteRunner.java:450)
	at org.testng.SuiteRunner.privateRun(SuiteRunner.java:415)
	at org.testng.SuiteRunner.run(SuiteRunner.java:364)
	at org.testng.SuiteRunnerWorker.runSuite(SuiteRunnerWorker.java:52)
	at org.testng.SuiteRunnerWorker.run(SuiteRunnerWorker.java:84)
	at org.testng.TestNG.runSuitesSequentially(TestNG.java:1208)
	at org.testng.TestNG.runSuitesLocally(TestNG.java:1137)
	at org.testng.TestNG.runSuites(TestNG.java:1049)
	at org.testng.TestNG.run(TestNG.java:1017)
	at org.testng.remote.AbstractRemoteTestNG.run(AbstractRemoteTestNG.java:114)
	at org.testng.remote.RemoteTestNG.initAndRun(RemoteTestNG.java:251)
	at org.testng.remote.RemoteTestNG.main(RemoteTestNG.java:77)
</pre></div></td>
<td>0</td>
<td>null</td></tr>
</table><p>
</body>
</html>